<?xml version="1.0" encoding="UTF-8"?>
<!-- Generated by org.testng.reporters.JUnitReportReporter -->
<testsuite hostname="bballa-MAIT182" failures="0" tests="1" name="com.Selenium.Practice.Frames" time="10.364" errors="0" timestamp="2022-10-25T19:31:51 IST" skipped="0">
  <testcase classname="com.Selenium.Practice.Frames" name="LogIn" time="10.364"/>
  <system-out/>
</testsuite> <!-- com.Selenium.Practice.Frames -->
