<?xml version="1.0" encoding="UTF-8"?>
<!-- Generated by org.testng.reporters.JUnitReportReporter -->
<testsuite hostname="bballa-MAIT182" failures="0" tests="1" name="com.Selenium.Practice.ScreenshotUsingSelenium" time="7.361" errors="0" timestamp="2022-11-01T00:38:00 IST" skipped="0">
  <testcase classname="com.Selenium.Practice.ScreenshotUsingSelenium" name="setUp" time="7.361"/>
  <system-out/>
</testsuite> <!-- com.Selenium.Practice.ScreenshotUsingSelenium -->
