<?xml version="1.0" encoding="UTF-8"?>
<!-- Generated by org.testng.reporters.JUnitReportReporter -->
<testsuite hostname="bballa-MAIT182" failures="0" tests="1" name="com.Selenium.Practice.FindElementsConcept" time="10.404" errors="0" timestamp="2022-10-27T23:45:04 IST" skipped="0">
  <testcase classname="com.Selenium.Practice.FindElementsConcept" name="checkElementsOnPage" time="10.404"/>
  <system-out/>
</testsuite> <!-- com.Selenium.Practice.FindElementsConcept -->
