<?xml version="1.0" encoding="UTF-8"?>
<!-- Generated by org.testng.reporters.JUnitReportReporter -->
<testsuite hostname="bballa-MAIT182" failures="0" tests="1" name="com.Selenium.Practice.ScreenshotUsingSelenium" time="5.479" errors="0" timestamp="2022-11-03T11:29:36 IST" skipped="0">
  <testcase classname="com.Selenium.Practice.ScreenshotUsingSelenium" name="setUp" time="5.479"/>
  <system-out/>
</testsuite> <!-- com.Selenium.Practice.ScreenshotUsingSelenium -->
