<?xml version="1.0" encoding="UTF-8"?>
<!-- Generated by org.testng.reporters.JUnitReportReporter -->
<testsuite hostname="bballa-MAIT182" failures="0" tests="1" name="com.TestRunner.TestRunner" time="7.801" errors="0" timestamp="2022-09-12T19:14:01 IST" skipped="0">
  <testcase classname="com.TestRunner.TestRunner" name="test_ANF" time="7.801"/>
  <system-out/>
</testsuite> <!-- com.TestRunner.TestRunner -->
