<?xml version="1.0" encoding="UTF-8"?>
<!-- Generated by org.testng.reporters.JUnitReportReporter -->
<testsuite hostname="bballa-MAIT182" failures="0" tests="1" name="com.Selenium.Practice.DragAndDrop" time="3.563" errors="0" timestamp="2022-10-26T18:06:19 IST" skipped="0">
  <testcase classname="com.Selenium.Practice.DragAndDrop" name="dragAndDrop" time="3.563"/>
  <system-out/>
</testsuite> <!-- com.Selenium.Practice.DragAndDrop -->
