<?xml version="1.0" encoding="UTF-8"?>
<!-- Generated by org.testng.reporters.JUnitReportReporter -->
<testsuite hostname="bballa-MAIT182" failures="0" tests="1" name="com.TestRunner.HalfEbdayTestRunner" time="15.239" errors="0" timestamp="2022-09-23T20:08:51 IST" skipped="0">
  <testcase classname="com.TestRunner.HalfEbdayTestRunner" name="halfEbdayRegdPage" time="15.239"/>
  <system-out/>
</testsuite> <!-- com.TestRunner.HalfEbdayTestRunner -->
