<?xml version="1.0" encoding="UTF-8"?>
<!-- Generated by org.testng.reporters.JUnitReportReporter -->
<testsuite hostname="bballa-MAIT182" failures="0" tests="1" name="com.Selenium.Practice.SeleniumAlert" time="5.150" errors="0" timestamp="2022-10-25T13:46:02 IST" skipped="0">
  <testcase classname="com.Selenium.Practice.SeleniumAlert" name="verifyLogIn" time="5.150"/>
  <system-out/>
</testsuite> <!-- com.Selenium.Practice.SeleniumAlert -->
