<?xml version="1.0" encoding="UTF-8"?>
<!-- Generated by org.testng.reporters.JUnitReportReporter -->
<testsuite hostname="bballa-MAIT182" failures="0" tests="1" name="com.Selenium.Practice.FileUpload" time="7.482" errors="0" timestamp="2022-10-25T16:14:00 IST" skipped="0">
  <testcase classname="com.Selenium.Practice.FileUpload" name="uploadFile" time="7.482"/>
  <system-out/>
</testsuite> <!-- com.Selenium.Practice.FileUpload -->
