<?xml version="1.0" encoding="UTF-8"?>
<!-- Generated by org.testng.reporters.JUnitReportReporter -->
<testsuite hostname="bballa-MAIT182" failures="0" tests="1" name="com.Selenium.Practice.HoverAction" time="5.338" errors="0" timestamp="2022-10-26T14:36:24 IST" skipped="0">
  <testcase classname="com.Selenium.Practice.HoverAction" name="searchForFlight" time="5.338"/>
  <system-out/>
</testsuite> <!-- com.Selenium.Practice.HoverAction -->
