<?xml version="1.0" encoding="UTF-8"?>
<!-- Generated by org.testng.reporters.JUnitReportReporter -->
<testsuite hostname="bballa-MAIT182" failures="0" tests="1" name="com.Selenium.Practice.ScreenshotUsingSelenium" time="4.697" errors="0" timestamp="2022-11-01T15:18:05 IST" skipped="0">
  <testcase classname="com.Selenium.Practice.ScreenshotUsingSelenium" name="setUp" time="4.697"/>
  <system-out/>
</testsuite> <!-- com.Selenium.Practice.ScreenshotUsingSelenium -->
