<?xml version="1.0" encoding="UTF-8"?>
<!-- Generated by org.testng.reporters.JUnitReportReporter -->
<testsuite hostname="bballa-MAIT182" failures="0" tests="1" name="com.Selenium.Practice.Navigations" time="15.235" errors="0" timestamp="2022-10-31T18:11:00 IST" skipped="0">
  <testcase classname="com.Selenium.Practice.Navigations" name="navigations" time="15.235"/>
  <system-out/>
</testsuite> <!-- com.Selenium.Practice.Navigations -->
