<?xml version="1.0" encoding="UTF-8"?>
<!-- Generated by org.testng.reporters.JUnitReportReporter -->
<testsuite hostname="bballa-MAIT182" failures="0" tests="1" name="com.Selenium.Practice.Navigations" time="12.733" errors="0" timestamp="2022-10-31T17:35:20 IST" skipped="0">
  <testcase classname="com.Selenium.Practice.Navigations" name="navigations" time="12.733"/>
  <system-out/>
</testsuite> <!-- com.Selenium.Practice.Navigations -->
